2020-02-03 17:22:26 - debug
2020-02-03 17:22:26 - info
2020-02-03 17:22:26 - debug
2020-02-03 17:22:26 - info
2020-02-03 17:25:01 - debug
2020-02-03 17:25:01 - info
2020-02-03 17:25:01 - debug
2020-02-03 17:25:01 - info
2020-02-03 17:26:34 - debug
2020-02-03 17:26:34 - info
2020-02-03 17:26:34 - debug
2020-02-03 17:26:34 - info
2020-02-03 17:28:49 - debug
2020-02-03 17:28:49 - info
2020-02-03 17:28:49 - debug
2020-02-03 17:28:49 - info
2020-02-03 17:30:18 - debug
2020-02-03 17:30:18 - info
2020-02-03 17:30:18 - debug
2020-02-03 17:30:18 - info
2020-02-03 17:31:25 - debug
2020-02-03 17:31:25 - info
2020-02-03 17:31:25 - debug
2020-02-03 17:31:25 - info
2020-02-03 17:33:28 - debug
2020-02-03 17:33:28 - info
2020-02-03 17:33:28 - debug
2020-02-03 17:33:28 - info
2020-02-03 17:36:40 [main] - debug
2020-02-03 17:36:40 [main] - info
2020-02-03 17:36:41 [main] - debug
2020-02-03 17:36:41 [main] - info
2020-02-03 17:37:28 CustomerService - debug
2020-02-03 17:37:28 CustomerService - info
2020-02-03 17:37:28 CustomerService - debug
2020-02-03 17:37:28 CustomerService - info
